kotlin version: 2.0.21
error message: The daemon has terminated unexpectedly on startup attempt #1 with error code: 0. The daemon process output:
    1. Kotlin compile daemon is ready

error message: org.jetbrains.kotlin.backend.common.BackendException: Backend Internal error: Exception during IR lowering
File being compiled: C:/Users/JOSUE/AndroidStudioProjects/trabajoenclase2/app/src/main/java/com/example/trabajoenclase2/ChatScreen.kt
The root cause java.lang.RuntimeException was thrown at: org.jetbrains.kotlin.backend.jvm.codegen.FunctionCodegen.generate(FunctionCodegen.kt:47)
	at org.jetbrains.kotlin.backend.common.CodegenUtil.reportBackendException(CodegenUtil.kt:253)
	at org.jetbrains.kotlin.backend.common.CodegenUtil.reportBackendException$default(CodegenUtil.kt:236)
	at org.jetbrains.kotlin.backend.common.phaser.PerformByIrFilePhase.invokeSequential(performByIrFile.kt:65)
	at org.jetbrains.kotlin.backend.common.phaser.PerformByIrFilePhase.invoke(performByIrFile.kt:52)
	at org.jetbrains.kotlin.backend.common.phaser.PerformByIrFilePhase.invoke(performByIrFile.kt:38)
	at org.jetbrains.kotlin.backend.common.phaser.NamedCompilerPhase.phaseBody(CompilerPhase.kt:166)
	at org.jetbrains.kotlin.backend.common.phaser.AbstractNamedCompilerPhase.invoke(CompilerPhase.kt:113)
	at org.jetbrains.kotlin.backend.common.phaser.CompositePhase.invoke(PhaseBuilders.kt:27)
	at org.jetbrains.kotlin.backend.common.phaser.CompositePhase.invoke(PhaseBuilders.kt:14)
	at org.jetbrains.kotlin.backend.common.phaser.NamedCompilerPhase.phaseBody(CompilerPhase.kt:166)
	at org.jetbrains.kotlin.backend.common.phaser.AbstractNamedCompilerPhase.invoke(CompilerPhase.kt:113)
	at org.jetbrains.kotlin.backend.common.phaser.CompilerPhaseKt.invokeToplevel(CompilerPhase.kt:62)
	at org.jetbrains.kotlin.backend.jvm.JvmIrCodegenFactory.invokeCodegen(JvmIrCodegenFactory.kt:371)
	at org.jetbrains.kotlin.codegen.CodegenFactory.generateModule(CodegenFactory.kt:47)
	at org.jetbrains.kotlin.backend.jvm.JvmIrCodegenFactory.generateModuleInFrontendIRMode(JvmIrCodegenFactory.kt:433)
	at org.jetbrains.kotlin.cli.jvm.compiler.pipeline.JvmCompilerPipelineKt.generateCodeFromIr(jvmCompilerPipeline.kt:246)
	at org.jetbrains.kotlin.cli.jvm.compiler.pipeline.JvmCompilerPipelineKt.compileModulesUsingFrontendIrAndLightTree(jvmCompilerPipeline.kt:142)
	at org.jetbrains.kotlin.cli.jvm.K2JVMCompiler.doExecute(K2JVMCompiler.kt:148)
	at org.jetbrains.kotlin.cli.jvm.K2JVMCompiler.doExecute(K2JVMCompiler.kt:43)
	at org.jetbrains.kotlin.cli.common.CLICompiler.execImpl(CLICompiler.kt:103)
	at org.jetbrains.kotlin.cli.common.CLICompiler.execImpl(CLICompiler.kt:49)
	at org.jetbrains.kotlin.cli.common.CLITool.exec(CLITool.kt:101)
	at org.jetbrains.kotlin.incremental.IncrementalJvmCompilerRunner.runCompiler(IncrementalJvmCompilerRunner.kt:464)
	at org.jetbrains.kotlin.incremental.IncrementalJvmCompilerRunner.runCompiler(IncrementalJvmCompilerRunner.kt:73)
	at org.jetbrains.kotlin.incremental.IncrementalCompilerRunner.doCompile(IncrementalCompilerRunner.kt:506)
	at org.jetbrains.kotlin.incremental.IncrementalCompilerRunner.compileImpl(IncrementalCompilerRunner.kt:423)
	at org.jetbrains.kotlin.incremental.IncrementalCompilerRunner.compileNonIncrementally(IncrementalCompilerRunner.kt:301)
	at org.jetbrains.kotlin.incremental.IncrementalCompilerRunner.compile(IncrementalCompilerRunner.kt:129)
	at org.jetbrains.kotlin.daemon.CompileServiceImplBase.execIncrementalCompiler(CompileServiceImpl.kt:675)
	at org.jetbrains.kotlin.daemon.CompileServiceImplBase.access$execIncrementalCompiler(CompileServiceImpl.kt:92)
	at org.jetbrains.kotlin.daemon.CompileServiceImpl.compile(CompileServiceImpl.kt:1660)
	at java.base/jdk.internal.reflect.DirectMethodHandleAccessor.invoke(Unknown Source)
	at java.base/java.lang.reflect.Method.invoke(Unknown Source)
	at java.rmi/sun.rmi.server.UnicastServerRef.dispatch(Unknown Source)
	at java.rmi/sun.rmi.transport.Transport$1.run(Unknown Source)
	at java.rmi/sun.rmi.transport.Transport$1.run(Unknown Source)
	at java.base/java.security.AccessController.doPrivileged(Unknown Source)
	at java.rmi/sun.rmi.transport.Transport.serviceCall(Unknown Source)
	at java.rmi/sun.rmi.transport.tcp.TCPTransport.handleMessages(Unknown Source)
	at java.rmi/sun.rmi.transport.tcp.TCPTransport$ConnectionHandler.run0(Unknown Source)
	at java.rmi/sun.rmi.transport.tcp.TCPTransport$ConnectionHandler.lambda$run$0(Unknown Source)
	at java.base/java.security.AccessController.doPrivileged(Unknown Source)
	at java.rmi/sun.rmi.transport.tcp.TCPTransport$ConnectionHandler.run(Unknown Source)
	at java.base/java.util.concurrent.ThreadPoolExecutor.runWorker(Unknown Source)
	at java.base/java.util.concurrent.ThreadPoolExecutor$Worker.run(Unknown Source)
	at java.base/java.lang.Thread.run(Unknown Source)
Caused by: java.lang.RuntimeException: Exception while generating code for:
FUN name:ChatScreen visibility:public modality:FINAL <> (viewModel:com.example.trabajoenclase2.ChatViewModel) returnType:kotlin.Unit
  annotations:
    OptIn(markerClass = [CLASS_REFERENCE 'CLASS IR_EXTERNAL_DECLARATION_STUB ANNOTATION_CLASS name:ExperimentalMaterial3Api modality:OPEN visibility:public superTypes:[kotlin.Annotation]' type=kotlin.reflect.KClass<androidx.compose.material3.ExperimentalMaterial3Api>])
    Composable
  VALUE_PARAMETER name:viewModel index:0 type:com.example.trabajoenclase2.ChatViewModel
  BLOCK_BODY
    VAR PROPERTY_DELEGATE name:messages$delegate type:androidx.compose.runtime.State<kotlin.collections.List<com.example.trabajoenclase2.Message>> [val]
      TYPE_OP type=androidx.compose.runtime.State<kotlin.collections.List<com.example.trabajoenclase2.Message>> origin=IMPLICIT_CAST typeOperand=androidx.compose.runtime.State<kotlin.collections.List<com.example.trabajoenclase2.Message>>
        CALL 'public final fun collectAsState$default <T> (context: kotlin.coroutines.CoroutineContext?, $mask0: kotlin.Int, $handler: kotlin.Any?): androidx.compose.runtime.State<T of androidx.compose.runtime.SnapshotStateKt.collectAsState$default> declared in androidx.compose.runtime.SnapshotStateKt' type=androidx.compose.runtime.State<T of androidx.compose.runtime.SnapshotStateKt.collectAsState$default> origin=DEFAULT_DISPATCH_CALL
          <T>: kotlin.collections.List<com.example.trabajoenclase2.Message>
          $receiver: CALL 'public final fun <get-messages> (): kotlinx.coroutines.flow.StateFlow<kotlin.collections.List<com.example.trabajoenclase2.Message>> declared in com.example.trabajoenclase2.ChatViewModel' type=kotlinx.coroutines.flow.StateFlow<kotlin.collections.List<com.example.trabajoenclase2.Message>> origin=GET_PROPERTY
            $this: GET_VAR 'viewModel: com.example.trabajoenclase2.ChatViewModel declared in com.example.trabajoenclase2.ChatScreenKt.ChatScreen' type=com.example.trabajoenclase2.ChatViewModel origin=null
          context: COMPOSITE type=kotlin.coroutines.CoroutineContext? origin=DEFAULT_VALUE
            CONST Null type=kotlin.coroutines.CoroutineContext? value=null
          $mask0: CONST Int type=kotlin.Int value=1
          $handler: CONST Null type=kotlin.Any? value=null
    VAR PROPERTY_DELEGATE name:connectionStatus$delegate type:androidx.compose.runtime.State<com.example.trabajoenclase2.ConnectionStatus> [val]
      TYPE_OP type=androidx.compose.runtime.State<com.example.trabajoenclase2.ConnectionStatus> origin=IMPLICIT_CAST typeOperand=androidx.compose.runtime.State<com.example.trabajoenclase2.ConnectionStatus>
        CALL 'public final fun collectAsState$default <T> (context: kotlin.coroutines.CoroutineContext?, $mask0: kotlin.Int, $handler: kotlin.Any?): androidx.compose.runtime.State<T of androidx.compose.runtime.SnapshotStateKt.collectAsState$default> declared in androidx.compose.runtime.SnapshotStateKt' type=androidx.compose.runtime.State<T of androidx.compose.runtime.SnapshotStateKt.collectAsState$default> origin=DEFAULT_DISPATCH_CALL
          <T>: com.example.trabajoenclase2.ConnectionStatus
          $receiver: CALL 'public final fun <get-connectionStatus> (): kotlinx.coroutines.flow.StateFlow<com.example.trabajoenclase2.ConnectionStatus> declared in com.example.trabajoenclase2.ChatViewModel' type=kotlinx.coroutines.flow.StateFlow<com.example.trabajoenclase2.ConnectionStatus> origin=GET_PROPERTY
            $this: GET_VAR 'viewModel: com.example.trabajoenclase2.ChatViewModel declared in com.example.trabajoenclase2.ChatScreenKt.ChatScreen' type=com.example.trabajoenclase2.ChatViewModel origin=null
          context: COMPOSITE type=kotlin.coroutines.CoroutineContext? origin=DEFAULT_VALUE
            CONST Null type=kotlin.coroutines.CoroutineContext? value=null
          $mask0: CONST Int type=kotlin.Int value=1
          $handler: CONST Null type=kotlin.Any? value=null
    VAR PROPERTY_DELEGATE name:messageText$delegate type:androidx.compose.runtime.MutableState<kotlin.String> [val]
      CALL 'public final fun remember <T> (calculation: @[DisallowComposableCalls] kotlin.Function0<T of androidx.compose.runtime.ComposablesKt.remember>): T of androidx.compose.runtime.ComposablesKt.remember [inline] declared in androidx.compose.runtime.ComposablesKt' type=androidx.compose.runtime.MutableState<kotlin.String> origin=null
        <T>: androidx.compose.runtime.MutableState<kotlin.String>
        calculation: BLOCK type=kotlin.Function0<androidx.compose.runtime.MutableState<kotlin.String>> origin=LAMBDA
          COMPOSITE type=kotlin.Unit origin=null
          FUNCTION_REFERENCE 'private final fun ChatScreen$lambda$2 (): androidx.compose.runtime.MutableState<kotlin.String> declared in com.example.trabajoenclase2.ChatScreenKt' type=kotlin.Function0<androidx.compose.runtime.MutableState<kotlin.String>> origin=INLINE_LAMBDA reflectionTarget=null
    VAR name:listState type:androidx.compose.foundation.lazy.LazyListState [val]
      CALL 'public final fun rememberLazyListState$default (initialFirstVisibleItemIndex: kotlin.Int, initialFirstVisibleItemScrollOffset: kotlin.Int, $mask0: kotlin.Int, $handler: kotlin.Any?): androidx.compose.foundation.lazy.LazyListState declared in androidx.compose.foundation.lazy.LazyListStateKt' type=androidx.compose.foundation.lazy.LazyListState origin=DEFAULT_DISPATCH_CALL
        initialFirstVisibleItemIndex: COMPOSITE type=kotlin.Int origin=DEFAULT_VALUE
          CONST Int type=kotlin.Int value=0
        initialFirstVisibleItemScrollOffset: COMPOSITE type=kotlin.Int origin=DEFAULT_VALUE
          CONST Int type=kotlin.Int value=0
        $mask0: CONST Int type=kotlin.Int value=3
        $handler: CONST Null type=kotlin.Any? value=null
    VAR name:scope type:kotlinx.coroutines.CoroutineScope [val]
      CALL 'public final fun rememberCoroutineScope$default (getContext: @[DisallowComposableCalls] kotlin.Function0<kotlin.coroutines.CoroutineContext>?, $mask0: kotlin.Int, $handler: kotlin.Any?): kotlinx.coroutines.CoroutineScope [inline] declared in androidx.compose.runtime.EffectsKt' type=kotlinx.coroutines.CoroutineScope origin=DEFAULT_DISPATCH_CALL
        getContext: COMPOSITE type=@[DisallowComposableCalls] kotlin.Function0<kotlin.coroutines.CoroutineContext>? origin=DEFAULT_VALUE
          CONST Null type=@[DisallowComposableCalls] kotlin.Function0<kotlin.coroutines.CoroutineContext>? value=null
        $mask0: CONST Int type=kotlin.Int value=1
        $handler: CONST Null type=kotlin.Any? value=null
    CALL 'public final fun LaunchedEffect (key1: kotlin.Any?, block: @[ExtensionFunctionType] kotlin.coroutines.SuspendFunction1<kotlinx.coroutines.CoroutineScope, kotlin.Unit>): kotlin.Unit declared in androidx.compose.runtime.EffectsKt' type=kotlin.Unit origin=null
      key1: CALL 'public abstract fun <get-size> (): kotlin.Int declared in kotlin.collections.List' type=kotlin.Int origin=GET_PROPERTY
        $this: CALL 'private final fun ChatScreen$lambda$0 ($messages$delegate: androidx.compose.runtime.State<kotlin.collections.List<com.example.trabajoenclase2.Message>>): kotlin.collections.List<com.example.trabajoenclase2.Message> declared in com.example.trabajoenclase2.ChatScreenKt' type=kotlin.collections.List<com.example.trabajoenclase2.Message> origin=GET_LOCAL_PROPERTY
          $messages$delegate: GET_VAR 'val messages$delegate: androidx.compose.runtime.State<kotlin.collections.List<com.example.trabajoenclase2.Message>> [val] declared in com.example.trabajoenclase2.ChatScreenKt.ChatScreen' type=androidx.compose.runtime.State<kotlin.collections.List<com.example.trabajoenclase2.Message>> origin=null
      block: BLOCK type=com.example.trabajoenclase2.ChatScreenKt.ChatScreen.<no name provided> origin=null
        CLASS SUSPEND_LAMBDA CLASS name:<no name provided> modality:FINAL visibility:public/*package*/ superTypes:[kotlin.coroutines.jvm.internal.SuspendLambda; kotlin.jvm.functions.Function2<kotlinx.coroutines.CoroutineScope, kotlin.coroutines.Continuation<kotlin.Unit>?, kotlin.Any?>]
          $this: VALUE_PARAMETER INSTANCE_RECEIVER name:<this> type:com.example.trabajoenclase2.ChatScreenKt.ChatScreen.<no name provided>
          FIELD name:label type:kotlin.Int visibility:public/*package*/
          CONSTRUCTOR SUSPEND_LAMBDA visibility:public/*package*/ <> ($scope:kotlinx.coroutines.CoroutineScope, $messages$delegate:androidx.compose.runtime.State<kotlin.collections.List<com.example.trabajoenclase2.Message>>, $listState:androidx.compose.foundation.lazy.LazyListState, $completion:kotlin.coroutines.Continuation<com.example.trabajoenclase2.ChatScreenKt.ChatScreen.<no name provided>>?) returnType:com.example.trabajoenclase2.ChatScreenKt.ChatScreen.<no name provided> [primary]
            VALUE_PARAMETER BOUND_VALUE_PARAMETER name:$scope index:0 type:kotlinx.coroutines.CoroutineScope
            VALUE_PARAMETER BOUND_VALUE_PARAMETER name:$messages$delegate index:1 type:androidx.compose.runtime.State<kotlin.collections.List<com.example.trabajoenclase2.Message>>
            VALUE_PARAMETER BOUND_VALUE_PARAMETER name:$listState index:2 type:androidx.compose.foundation.lazy.LazyListState
            VALUE_PARAMETER name:$completion index:3 type:kotlin.coroutines.Continuation<com.example.trabajoenclase2.ChatScreenKt.ChatScreen.<no name provided>>?
            BLOCK_BODY
              SET_FIELD 'FIELD FIELD_FOR_CAPTURED_VALUE name:$scope type:kotlinx.coroutines.CoroutineScope visibility:public/*package*/ [final] declared in com.example.trabajoenclase2.ChatScreenKt.ChatScreen.<no name provided>' type=kotlin.Unit origin=INITIALIZER_OF_FIELD_FOR_CAPTURED_VALUE
                receiver: GET_VAR '<this>: com.example.trabajoenclase2.ChatScreenKt.ChatScreen.<no name provided> declared in com.example.trabajoenclase2.ChatScreenKt.ChatScreen.<no name provided>' type=com.example.trabajoenclase2.ChatScreenKt.ChatScreen.<no name provided> origin=null
                value: GET_VAR '$scope: kotlinx.coroutines.CoroutineScope declared in com.example.trabajoenclase2.ChatScreenKt.ChatScreen.<no name provided>.<init>' type=kotlinx.coroutines.CoroutineScope origin=null
              SET_FIELD 'FIELD FIELD_FOR_CAPTURED_VALUE name:$messages$delegate type:androidx.compose.runtime.State<kotlin.collections.List<com.example.trabajoenclase2.Message>> visibility:public/*package*/ [final] declared in com.example.trabajoenclase2.ChatScreenKt.ChatScreen.<no name provided>' type=kotlin.Unit origin=INITIALIZER_OF_FIELD_FOR_CAPTURED_VALUE
                receiver: GET_VAR '<this>: com.example.trabajoenclase2.ChatScreenKt.ChatScreen.<no name provided> declared in com.example.trabajoenclase2.ChatScreenKt.ChatScreen.<no name provided>' type=com.example.trabajoenclase2.ChatScreenKt.ChatScreen.<no name provided> origin=null
                value: GET_VAR '$messages$delegate: androidx.compose.runtime.State<kotlin.collections.List<com.example.trabajoenclase2.Message>> declared in com.example.trabajoenclase2.ChatScreenKt.ChatScreen.<no name provided>.<init>' type=androidx.compose.runtime.State<kotlin.collections.List<com.example.trabajoenclase2.Message>> origin=null
              SET_FIELD 'FIELD FIELD_FOR_CAPTURED_VALUE name:$listState type:androidx.compose.foundation.lazy.LazyListState visibility:public/*package*/ [final] declared in com.example.trabajoenclase2.ChatScreenKt.ChatScreen.<no name provided>' type=kotlin.Unit origin=INITIALIZER_OF_FIELD_FOR_CAPTURED_VALUE
                receiver: GET_VAR '<this>: com.example.trabajoenclase2.ChatScreenKt.ChatScreen.<no name provided> declared in com.example.trabajoenclase2.ChatScreenKt.ChatScreen.<no name provided>' type=com.example.trabajoenclase2.ChatScreenKt.ChatScreen.<no name provided> origin=null
                value: GET_VAR '$listState: androidx.compose.foundation.lazy.LazyListState declared in com.example.trabajoenclase2.ChatScreenKt.ChatScreen.<no name provided>.<init>' type=androidx.compose.foundation.lazy.LazyListState origin=null
              DELEGATING_CONSTRUCTOR_CALL 'public constructor <init> (arity: kotlin.Int, $completion: kotlin.coroutines.Continuation<kotlin.Any?>?) declared in kotlin.coroutines.jvm.internal.SuspendLambda'
                arity: CONST Int type=kotlin.Int value=2
                $completion: GET_VAR '$completion: kotlin.coroutines.Continuation<com.example.trabajoenclase2.ChatScreenKt.ChatScreen.<no name provided>>? declared in com.example.trabajoenclase2.ChatScreenKt.ChatScreen.<no name provided>.<init>' type=kotlin.coroutines.Continuation<com.example.trabajoenclase2.ChatScreenKt.ChatScreen.<no name provided>>? origin=null
              BLOCK type=kotlin.Unit origin=null
          FUN name:invokeSuspend visibility:public modality:FINAL <> ($this:com.example.trabajoenclase2.ChatScreenKt.ChatScreen.<no name provided>, $result:kotlin.Result<kotlin.Any?>) returnType:kotlin.Any?
            overridden:
              protected abstract fun invokeSuspend ($result: kotlin.Result<kotlin.Any?>): kotlin.Any? declared in kotlin.coroutines.jvm.internal.SuspendLambda
            $this: VALUE_PARAMETER INSTANCE_RECEIVER name:<this> type:com.example.trabajoenclase2.ChatScreenKt.ChatScreen.<no name provided>
            VALUE_PARAMETER name:$result index:0 type:kotlin.Result<kotlin.Any?>
            BLOCK_BODY
              WHEN type=kotlin.Unit origin=IF
                BRANCH
                  if: CALL 'public final fun isNotEmpty <T> (): kotlin.Boolean [inline] declared in kotlin.collections.CollectionsKt' type=kotlin.Boolean origin=null
                    <T>: com.example.trabajoenclase2.Message
                    $receiver: CALL 'public final fun access$ChatScreen$lambda$0 ($messages$delegate: androidx.compose.runtime.State<kotlin.collections.List<com.example.trabajoenclase2.Message>>): kotlin.collections.List<com.example.trabajoenclase2.Message> declared in com.example.trabajoenclase2.ChatScreenKt' type=kotlin.collections.List<com.example.trabajoenclase2.Message> origin=GET_LOCAL_PROPERTY
                      $messages$delegate: GET_FIELD 'FIELD FIELD_FOR_CAPTURED_VALUE name:$messages$delegate type:androidx.compose.runtime.State<kotlin.collections.List<com.example.trabajoenclase2.Message>> visibility:public/*package*/ [final] declared in com.example.trabajoenclase2.ChatScreenKt.ChatScreen.<no name provided>' type=androidx.compose.runtime.State<kotlin.collections.List<com.example.trabajoenclase2.Message>> origin=null
                        receiver: GET_VAR '<this>: com.example.trabajoenclase2.ChatScreenKt.ChatScreen.<no name provided> declared in com.example.trabajoenclase2.ChatScreenKt.ChatScreen.<no name provided>.invokeSuspend' type=com.example.trabajoenclase2.ChatScreenKt.ChatScreen.<no name provided> origin=null
                  then: COMPOSITE type=kotlin.Unit origin=null
                    BLOCK type=kotlinx.coroutines.Job origin=null
                      CALL 'public final fun launch$default (context: kotlin.coroutines.CoroutineContext?, start: kotlinx.coroutines.CoroutineStart?, block: @[ExtensionFunctionType] kotlin.coroutines.SuspendFunction1<kotlinx.coroutines.CoroutineScope, kotlin.Unit>, $mask0: kotlin.Int, $handler: kotlin.Any?): kotlinx.coroutines.Job declared in kotlinx.coroutines.BuildersKt' type=kotlinx.coroutines.Job origin=DEFAULT_DISPATCH_CALL
                        $receiver: GET_FIELD 'FIELD FIELD_FOR_CAPTURED_VALUE name:$scope type:kotlinx.coroutines.CoroutineScope visibility:public/*package*/ [final] declared in com.example.trabajoenclase2.ChatScreenKt.ChatScreen.<no name provided>' type=kotlinx.coroutines.CoroutineScope origin=null
                          receiver: GET_VAR '<this>: com.example.trabajoenclase2.ChatScreenKt.ChatScreen.<no name provided> declared in com.example.trabajoenclase2.ChatScreenKt.ChatScreen.<no name provided>.invokeSuspend' type=com.example.trabajoenclase2.ChatScreenKt.ChatScreen.<no name provided> origin=null
                        context: COMPOSITE type=kotlin.coroutines.CoroutineContext? origin=DEFAULT_VALUE
                          CONST Null type=kotlin.coroutines.CoroutineContext? value=null
                        start: COMPOSITE type=kotlinx.coroutines.CoroutineStart? origin=DEFAULT_VALUE
                          CONST Null type=kotlinx.coroutines.CoroutineStart? value=null
                        block: BLOCK type=com.example.trabajoenclase2.ChatScreenKt.ChatScreen.<no name provided>.invokeSuspend.<no name provided> origin=null
                          CLASS SUSPEND_LAMBDA CLASS name:<no name provided> modality:FINAL visibility:public/*package*/ superTypes:[kotlin.coroutines.jvm.internal.SuspendLambda; kotlin.jvm.functions.Function2<kotlinx.coroutines.CoroutineScope, kotlin.coroutines.Continuation<kotlin.Unit>?, kotlin.Any?>]
                            $this: VALUE_PARAMETER INSTANCE_RECEIVER name:<this> type:com.example.trabajoenclase2.ChatScreenKt.ChatScreen.<no name provided>.invokeSuspend.<no name provided>
                            FIELD name:label type:kotlin.Int visibility:public/*package*/
                            CONSTRUCTOR SUSPEND_LAMBDA visibility:public/*package*/ <> ($listState:androidx.compose.foundation.lazy.LazyListState, $messages$delegate:androidx.compose.runtime.State<kotlin.collections.List<com.example.trabajoenclase2.Message>>, $completion:kotlin.coroutines.Continuation<com.example.trabajoenclase2.ChatScreenKt.ChatScreen.<no name provided>.invokeSuspend.<no name provided>>?) returnType:com.example.trabajoenclase2.ChatScreenKt.ChatScreen.<no name provided>.invokeSuspend.<no name provided> [primary]
                              VALUE_PARAMETER BOUND_VALUE_PARAMETER name:$listState index:0 type:androidx.compose.foundation.lazy.LazyListState
                              VALUE_PARAMETER BOUND_VALUE_PARAMETER name:$messages$delegate index:1 type:androidx.compose.runtime.State<kotlin.collections.List<com.example.trabajoenclase2.Message>>
                              VALUE_PARAMETER name:$completion index:2 type:kotlin.coroutines.Continuation<com.example.trabajoenclase2.ChatScreenKt.ChatScreen.<no name provided>.invokeSuspend.<no name provided>>?
                              BLOCK_BODY
                                SET_FIELD 'FIELD FIELD_FOR_CAPTURED_VALUE name:$listState type:androidx.compose.foundation.lazy.LazyListState visibility:public/*package*/ [final] declared in com.example.trabajoenclase2.ChatScreenKt.ChatScreen.<no name provided>.invokeSuspend.<no name provided>' type=kotlin.Unit origin=INITIALIZER_OF_FIELD_FOR_CAPTURED_VALUE
                                  receiver: GET_VAR '<this>: com.example.trabajoenclase2.ChatScreenKt.ChatScreen.<no name provided>.invokeSuspend.<no name provided> declared in com.example.trabajoenclase2.ChatScreenKt.ChatScreen.<no name provided>.invokeSuspend.<no name provided>' type=com.example.trabajoenclase2.ChatScreenKt.ChatScreen.<no name provided>.invokeSuspend.<no name provided> origin=null
                                  value: GET_VAR '$listState: androidx.compose.foundation.lazy.LazyListState declared in com.example.trabajoenclase2.ChatScreenKt.ChatScreen.<no name provided>.invokeSuspend.<no name provided>.<init>' type=androidx.compose.foundation.lazy.LazyListState origin=null
                                SET_FIELD 'FIELD FIELD_FOR_CAPTURED_VALUE name:$messages$delegate type:androidx.compose.runtime.State<kotlin.collections.List<com.example.trabajoenclase2.Message>> visibility:public/*package*/ [final] declared in com.example.trabajoenclase2.ChatScreenKt.ChatScreen.<no name provided>.invokeSuspend.<no name provided>' type=kotlin.Unit origin=INITIALIZER_OF_FIELD_FOR_CAPTURED_VALUE
                                  receiver: GET_VAR '<this>: com.example.trabajoenclase2.ChatScreenKt.ChatScreen.<no name provided>.invokeSuspend.<no name provided> declared in com.example.trabajoenclase2.ChatScreenKt.ChatScreen.<no name provided>.invokeSuspend.<no name provided>' type=com.example.trabajoenclase2.ChatScreenKt.ChatScreen.<no name provided>.invokeSuspend.<no name provided> origin=null
                                  value: GET_VAR '$messages$delegate: androidx.compose.runtime.State<kotlin.collections.List<com.example.trabajoenclase2.Message>> declared in com.example.trabajoenclase2.ChatScreenKt.ChatScreen.<no name provided>.invokeSuspend.<no name provided>.<init>' type=androidx.compose.runtime.State<kotlin.collections.List<com.example.trabajoenclase2.Message>> origin=null
                                DELEGATING_CONSTRUCTOR_CALL 'public constructor <init> (arity: kotlin.Int, $completion: kotlin.coroutines.Continuation<kotlin.Any?>?) declared in kotlin.coroutines.jvm.internal.SuspendLambda'
                                  arity: CONST Int type=kotlin.Int value=2
                                  $completion: GET_VAR '$completion: kotlin.coroutines.Continuation<com.example.trabajoenclase2.ChatScreenKt.ChatScreen.<no name provided>.invokeSuspend.<no name provided>>? declared in com.example.trabajoenclase2.ChatScreenKt.ChatScreen.<no name provided>.invokeSuspend.<no name provided>.<init>' type=kotlin.coroutines.Continuation<com.example.trabajoenclase2.ChatScreenKt.ChatScreen.<no name provided>.invokeSuspend.<no name provided>>? origin=null
                                BLOCK type=kotlin.Unit origin=null
                            FUN name:invokeSuspend visibility:public modality:FINAL <> ($this:com.example.trabajoenclase2.ChatScreenKt.ChatScreen.<no name provided>.invokeSuspend.<no name provided>, $result:kotlin.Result<kotlin.Any?>) returnType:kotlin.Any?
                              overridden:
                                protected abstract fun invokeSuspend ($result: kotlin.Result<kotlin.Any?>): kotlin.Any? declared in kotlin.coroutines.jvm.internal.SuspendLambda
                              $this: VALUE_PARAMETER INSTANCE_RECEIVER name:<this> type:com.example.trabajoenclase2.ChatScreenKt.ChatScreen.<no name provided>.invokeSuspend.<no name provided>
                              VALUE_PARAMETER name:$result index:0 type:kotlin.Result<kotlin.Any?>
                              BLOCK_BODY
                                CALL 'public final fun animateScrollToItem$default ($this: androidx.compose.foundation.lazy.LazyListState, index: kotlin.Int, scrollOffset: kotlin.Int, $completion: kotlin.coroutines.Continuation<kotlin.Unit>, $mask0: kotlin.Int, $handler: kotlin.Any?): kotlin.Any? [suspend] declared in androidx.compose.foundation.lazy.LazyListState' type=kotlin.Unit origin=DEFAULT_DISPATCH_CALL
                                  $this: GET_FIELD 'FIELD FIELD_FOR_CAPTURED_VALUE name:$listState type:androidx.compose.foundation.lazy.LazyListState visibility:public/*package*/ [final] declared in com.example.trabajoenclase2.ChatScreenKt.ChatScreen.<no name provided>.invokeSuspend.<no name provided>' type=androidx.compose.foundation.lazy.LazyListState origin=null
                                    receiver: GET_VAR '<this>: com.example.trabajoenclase2.ChatScreenKt.ChatScreen.<no name provided>.invokeSuspend.<no name provided> declared in com.example.trabajoenclase2.ChatScreenKt.ChatScreen.<no name provided>.invokeSuspend.<no name provided>.invokeSuspend' type=com.example.trabajoenclase2.ChatScreenKt.ChatScreen.<no name provided>.invokeSuspend.<no name provided> origin=null
                                  index: CALL 'public final fun minus (other: kotlin.Int): kotlin.Int [operator] declared in kotlin.Int' type=kotlin.Int origin=MINUS
                                    $this: CALL 'public abstract fun <get-size> (): kotlin.Int declared in kotlin.collections.List' type=kotlin.Int origin=GET_PROPERTY
                                      $this: CALL 'public final fun access$ChatScreen$lambda$0 ($messages$delegate: androidx.compose.runtime.State<kotlin.collections.List<com.example.trabajoenclase2.Message>>): kotlin.collections.List<com.example.trabajoenclase2.Message> declared in com.example.trabajoenclase2.ChatScreenKt' type=kotlin.collections.List<com.example.trabajoenclase2.Message> origin=GET_LOCAL_PROPERTY
                                        $messages$delegate: GET_FIELD 'FIELD FIELD_FOR_CAPTURED_VALUE name:$messages$delegate type:androidx.compose.runtime.State<kotlin.collections.List<com.example.trabajoenclase2.Message>> visibility:public/*package*/ [final] declared in com.example.trabajoenclase2.ChatScreenKt.ChatScreen.<no name provided>.invokeSuspend.<no name provided>' type=androidx.compose.runtime.State<kotlin.collections.List<com.example.trabajoenclase2.Message>> origin=null
                                          receiver: GET_VAR '<this>: com.example.trabajoenclase2.ChatScreenKt.ChatScreen.<no name provided>.invokeSuspend.<no name provided> declared in com.example.trabajoenclase2.ChatScreenKt.ChatScreen.<no name provided>.invokeSuspend.<no name provided>.invokeSuspend' type=com.example.trabajoenclase2.ChatScreenKt.ChatScreen.<no name provided>.invokeSuspend.<no name provided> origin=null
                                    other: CONST Int type=kotlin.Int value=1
                                  scrollOffset: COMPOSITE type=kotlin.Int origin=DEFAULT_VALUE
                                    CONST Int type=kotlin.Int value=0
                                  $completion: GET_VAR '<this>: com.example.trabajoenclase2.ChatScreenKt.ChatScreen.<no name provided>.invokeSuspend.<no name provided> declared in com.example.trabajoenclase2.ChatScreenKt.ChatScreen.<no name provided>.invokeSuspend.<no name provided>.invokeSuspend' type=com.example.trabajoenclase2.ChatScreenKt.ChatScreen.<no name provided>.invokeSuspend.<no name provided> origin=null
                                  $mask0: CONST Int type=kotlin.Int value=2
                                  $handler: CONST Null type=kotlin.Any? value=null
                            FUN name:create visibility:public modality:FINAL <> ($this:com.example.trabajoenclase2.ChatScreenKt.ChatScreen.<no name provided>.invokeSuspend.<no name provided>, value:kotlin.Any?, $completion:kotlin.coroutines.Continuation<kotlin.Nothing>) returnType:kotlin.coroutines.Continuation<kotlin.Unit>
                              overridden:
                                public open fun create (value: kotlin.Any?, $completion: kotlin.coroutines.Continuation<kotlin.Nothing>): kotlin.coroutines.Continuation<kotlin.Unit> declared in kotlin.coroutines.jvm.internal.SuspendLambda
                              $this: VALUE_PARAMETER INSTANCE_RECEIVER name:<this> type:com.example.trabajoenclase2.ChatScreenKt.ChatScreen.<no name provided>.invokeSuspend.<no name provided>
                              VALUE_PARAMETER name:value index:0 type:kotlin.Any?
                              VALUE_PARAMETER name:$completion index:1 type:kotlin.coroutines.Continuation<kotlin.Nothing>
                              BLOCK_BODY
                                RETURN type=kotlin.Nothing from='public final fun create (value: kotlin.Any?, $completion: kotlin.coroutines.Continuation<kotlin.Nothing>): kotlin.coroutines.Continuation<kotlin.Unit> declared in com.example.trabajoenclase2.ChatScreenKt.ChatScreen.<no name provided>.invokeSuspend.<no name provided>'
                                  CONSTRUCTOR_CALL 'public/*package*/ constructor <init> ($listState: androidx.compose.foundation.lazy.LazyListState, $messages$delegate: androidx.compose.runtime.State<kotlin.collections.List<com.example.trabajoenclase2.Message>>, $completion: kotlin.coroutines.Continuation<com.example.trabajoenclase2.ChatScreenKt.ChatScreen.<no name provided>.invokeSuspend.<no name provided>>?) [primary] declared in com.example.trabajoenclase2.ChatScreenKt.ChatScreen.<no name provided>.invokeSuspend.<no name provided>' type=com.example.trabajoenclase2.ChatScreenKt.ChatScreen.<no name provided>.invokeSuspend.<no name provided> origin=null
                                    $listState: GET_FIELD 'FIELD FIELD_FOR_CAPTURED_VALUE name:$listState type:androidx.compose.foundation.lazy.LazyListState visibility:public/*package*/ [final] declared in com.example.trabajoenclase2.ChatScreenKt.ChatScreen.<no name provided>.invokeSuspend.<no name provided>' type=androidx.compose.foundation.lazy.LazyListState origin=null
                                      receiver: GET_VAR '<this>: com.example.trabajoenclase2.ChatScreenKt.ChatScreen.<no name provided>.invokeSuspend.<no name provided> declared in com.example.trabajoenclase2.ChatScreenKt.ChatScreen.<no name provided>.invokeSuspend.<no name provided>.create' type=com.example.trabajoenclase2.ChatScreenKt.ChatScreen.<no name provided>.invokeSuspend.<no name provided> origin=null
                                    $messages$delegate: GET_FIELD 'FIELD FIELD_FOR_CAPTURED_VALUE name:$messages$delegate type:androidx.compose.runtime.State<kotlin.collections.List<com.example.trabajoenclase2.Message>> visibility:public/*package*/ [final] declared in com.example.trabajoenclase2.ChatScreenKt.ChatScreen.<no name provided>.invokeSuspend.<no name provided>' type=androidx.compose.runtime.State<kotlin.collections.List<com.example.trabajoenclase2.Message>> origin=null
                                      receiver: GET_VAR '<this>: com.example.trabajoenclase2.ChatScreenKt.ChatScreen.<no name provided>.invokeSuspend.<no name provided> declared in com.example.trabajoenclase2.ChatScreenKt.ChatScreen.<no name provided>.invokeSuspend.<no name provided>.create' type=com.example.trabajoenclase2.ChatScreenKt.ChatScreen.<no name provided>.invokeSuspend.<no name provided> origin=null
                                    $completion: GET_VAR '$completion: kotlin.coroutines.Continuation<kotlin.Nothing> declared in com.example.trabajoenclase2.ChatScreenKt.ChatScreen.<no name provided>.invokeSuspend.<no name provided>.create' type=kotlin.coroutines.Continuation<kotlin.Nothing> origin=null
                            FUN name:invoke visibility:public modality:FINAL <> ($this:com.example.trabajoenclase2.ChatScreenKt.ChatScreen.<no name provided>.invokeSuspend.<no name provided>, p1:kotlinx.coroutines.CoroutineScope, p2:kotlin.coroutines.Continuation<kotlin.Unit>?) returnType:kotlin.Any?
                              overridden:
                                public abstract fun invoke (p1: P1 of kotlin.jvm.functions.Function2, p2: P2 of kotlin.jvm.functions.Function2): R of kotlin.jvm.functions.Function2 declared in kotlin.jvm.functions.Function2
                              $this: VALUE_PARAMETER INSTANCE_RECEIVER name:<this> type:com.example.trabajoenclase2.ChatScreenKt.ChatScreen.<no name provided>.invokeSuspend.<no name provided>
                              VALUE_PARAMETER name:p1 index:0 type:kotlinx.coroutines.CoroutineScope
                              VALUE_PARAMETER name:p2 index:1 type:kotlin.coroutines.Continuation<kotlin.Unit>?
                              BLOCK_BODY
                                RETURN type=kotlin.Nothing from='public final fun invoke (p1: kotlinx.coroutines.CoroutineScope, p2: kotlin.coroutines.Continuation<kotlin.Unit>?): kotlin.Any? declared in com.example.trabajoenclase2.ChatScreenKt.ChatScreen.<no name provided>.invokeSuspend.<no name provided>'
                                  CALL 'public final fun invokeSuspend ($result: kotlin.Result<kotlin.Any?>): kotlin.Any? declared in com.example.trabajoenclase2.ChatScreenKt.ChatScreen.<no name provided>.invokeSuspend.<no name provided>' type=kotlin.Any? origin=null
                                    $this: TYPE_OP type=com.example.trabajoenclase2.ChatScreenKt.ChatScreen.<no name provided>.invokeSuspend.<no name provided> origin=IMPLICIT_CAST typeOperand=com.example.trabajoenclase2.ChatScreenKt.ChatScreen.<no name provided>.invokeSuspend.<no name provided>
                                      CALL 'public final fun create (value: kotlin.Any?, $completion: kotlin.coroutines.Continuation<kotlin.Nothing>): kotlin.coroutines.Continuation<kotlin.Unit> declared in com.example.trabajoenclase2.ChatScreenKt.ChatScreen.<no name provided>.invokeSuspend.<no name provided>' type=kotlin.coroutines.Continuation<kotlin.Unit> origin=null
                                        $this: GET_VAR '<this>: com.example.trabajoenclase2.ChatScreenKt.ChatScreen.<no name provided>.invokeSuspend.<no name provided> declared in com.example.trabajoenclase2.ChatScreenKt.ChatScreen.<no name provided>.invokeSuspend.<no name provided>.invoke' type=com.example.trabajoenclase2.ChatScreenKt.ChatScreen.<no name provided>.invokeSuspend.<no name provided> origin=null
                                        value: GET_VAR 'p1: kotlinx.coroutines.CoroutineScope declared in com.example.trabajoenclase2.ChatScreenKt.ChatScreen.<no name provided>.invokeSuspend.<no name provided>.invoke' type=kotlinx.coroutines.CoroutineScope origin=null
                                        $completion: GET_VAR 'p2: kotlin.coroutines.Continuation<kotlin.Unit>? declared in com.example.trabajoenclase2.ChatScreenKt.ChatScreen.<no name provided>.invokeSuspend.<no name provided>.invoke' type=kotlin.coroutines.Continuation<kotlin.Unit>? origin=null
                                    $result: CALL 'public final fun <unsafe-coerce> <T, R> (v: T of kotlin.jvm.internal.<unsafe-coerce>): R of kotlin.jvm.internal.<unsafe-coerce> declared in kotlin.jvm.internal' type=kotlin.Result<kotlin.Any?> origin=null
                                      <T>: kotlin.Any?
                                      <R>: kotlin.Result<kotlin.Any?>
                                      v: GET_FIELD 'FIELD FIELD_FOR_OBJECT_INSTANCE name:INSTANCE type:kotlin.Unit visibility:public [final,static] declared in kotlin.Unit' type=kotlin.Unit origin=null
                            FIELD FIELD_FOR_CAPTURED_VALUE name:$listState type:androidx.compose.foundation.lazy.LazyListState visibility:public/*package*/ [final]
                            FIELD FIELD_FOR_CAPTURED_VALUE name:$messages$delegate type:androidx.compose.runtime.State<kotlin.collections.List<com.example.trabajoenclase2.Message>> visibility:public/*package*/ [final]
                            FUN BRIDGE name:invoke visibility:public modality:OPEN <> ($this:com.example.trabajoenclase2.ChatScreenKt.ChatScreen.<no name provided>.invokeSuspend.<no name provided>, p1:kotlin.Any?, p2:kotlin.Any?) returnType:kotlin.Any?
                              $this: VALUE_PARAMETER INSTANCE_RECEIVER name:<this> type:com.example.trabajoenclase2.ChatScreenKt.ChatScreen.<no name provided>.invokeSuspend.<no name provided>
                              VALUE_PARAMETER BRIDGE name:p1 index:0 type:kotlin.Any?
                              VALUE_PARAMETER BRIDGE name:p2 index:1 type:kotlin.Any?
                              EXPRESSION_BODY
                                RETURN type=kotlin.Nothing from='public open fun invoke (p1: kotlin.Any?, p2: kotlin.Any?): kotlin.Any? declared in com.example.trabajoenclase2.ChatScreenKt.ChatScreen.<no name provided>.invokeSuspend.<no name provided>'
                                  CALL 'public final fun invoke (p1: kotlinx.coroutines.CoroutineScope, p2: kotlin.coroutines.Continuation<kotlin.Unit>?): kotlin.Any? declared in com.example.trabajoenclase2.ChatScreenKt.ChatScreen.<no name provided>.invokeSuspend.<no name provided>' type=kotlin.Any? origin=BRIDGE_DELEGATION
                                    $this: GET_VAR '<this>: com.example.trabajoenclase2.ChatScreenKt.ChatScreen.<no name provided>.invokeSuspend.<no name provided> declared in com.example.trabajoenclase2.ChatScreenKt.ChatScreen.<no name provided>.invokeSuspend.<no name provided>.invoke' type=com.example.trabajoenclase2.ChatScreenKt.ChatScreen.<no name provided>.invokeSuspend.<no name provided> origin=null
                                    p1: TYPE_OP type=kotlinx.coroutines.CoroutineScope origin=IMPLICIT_CAST typeOperand=kotlinx.coroutines.CoroutineScope
                                      GET_VAR 'p1: kotlin.Any? declared in com.example.trabajoenclase2.ChatScreenKt.ChatScreen.<no name provided>.invokeSuspend.<no name provided>.invoke' type=kotlin.Any? origin=null
                                    p2: TYPE_OP type=kotlin.coroutines.Continuation<*> origin=IMPLICIT_CAST typeOperand=kotlin.coroutines.Continuation<*>
                                      GET_VAR 'p2: kotlin.Any? declared in com.example.trabajoenclase2.ChatScreenKt.ChatScreen.<no name provided>.invokeSuspend.<no name provided>.invoke' type=kotlin.Any? origin=null
                          CONSTRUCTOR_CALL 'public/*package*/ constructor <init> ($listState: androidx.compose.foundation.lazy.LazyListState, $messages$delegate: androidx.compose.runtime.State<kotlin.collections.List<com.example.trabajoenclase2.Message>>, $completion: kotlin.coroutines.Continuation<com.example.trabajoenclase2.ChatScreenKt.ChatScreen.<no name provided>.invokeSuspend.<no name provided>>?) [primary] declared in com.example.trabajoenclase2.ChatScreenKt.ChatScreen.<no name provided>.invokeSuspend.<no name provided>' type=com.example.trabajoenclase2.ChatScreenKt.ChatScreen.<no name provided>.invokeSuspend.<no name provided> origin=null
                            $listState: GET_FIELD 'FIELD FIELD_FOR_CAPTURED_VALUE name:$listState type:androidx.compose.foundation.lazy.LazyListState visibility:public/*package*/ [final] declared in com.example.trabajoenclase2.ChatScreenKt.ChatScreen.<no name provided>' type=androidx.compose.foundation.lazy.LazyListState origin=null
                              receiver: GET_VAR '<this>: com.example.trabajoenclase2.ChatScreenKt.ChatScreen.<no name provided> declared in com.example.trabajoenclase2.ChatScreenKt.ChatScreen.<no name provided>.invokeSuspend' type=com.example.trabajoenclase2.ChatScreenKt.ChatScreen.<no name provided> origin=null
                            $messages$delegate: GET_FIELD 'FIELD FIELD_FOR_CAPTURED_VALUE name:$messages$delegate type:androidx.compose.runtime.State<kotlin.collections.List<com.example.trabajoenclase2.Message>> visibility:public/*package*/ [final] declared in com.example.trabajoenclase2.ChatScreenKt.ChatScreen.<no name provided>' type=androidx.compose.runtime.State<kotlin.collections.List<com.example.trabajoenclase2.Message>> origin=null
                              receiver: GET_VAR '<this>: com.example.trabajoenclase2.ChatScreenKt.ChatScreen.<no name provided> declared in com.example.trabajoenclase2.ChatScreenKt.ChatScreen.<no name provided>.invokeSuspend' type=com.example.trabajoenclase2.ChatScreenKt.ChatScreen.<no name provided> origin=null
                            $completion: CONST Null type=kotlin.Nothing? value=null
                        $mask0: CONST Int type=kotlin.Int value=3
                        $handler: CONST Null type=kotlin.Any? value=null
                    COMPOSITE type=kotlin.Unit origin=null
          FUN name:create visibility:public modality:FINAL <> ($this:com.example.trabajoenclase2.ChatScreenKt.ChatScreen.<no name provided>, value:kotlin.Any?, $completion:kotlin.coroutines.Continuation<kotlin.Nothing>) returnType:kotlin.coroutines.Continuation<kotlin.Unit>
            overridden:
              public open fun create (value: kotlin.Any?, $completion: kotlin.coroutines.Continuation<kotlin.Nothing>): kotlin.coroutines.Continuation<kotlin.Unit> declared in kotlin.coroutines.jvm.internal.SuspendLambda
            $this: VALUE_PARAMETER INSTANCE_RECEIVER name:<this> type:com.example.trabajoenclase2.ChatScreenKt.ChatScreen.<no name provided>
            VALUE_PARAMETER name:value index:0 type:kotlin.Any?
            VALUE_PARAMETER name:$completion index:1 type:kotlin.coroutines.Continuation<kotlin.Nothing>
            BLOCK_BODY
              RETURN type=kotlin.Nothing from='public final fun create (value: kotlin.Any?, $completion: kotlin.coroutines.Continuation<kotlin.Nothing>): kotlin.coroutines.Continuation<kotlin.Unit> declared in com.example.trabajoenclase2.ChatScreenKt.ChatScreen.<no name provided>'
                CONSTRUCTOR_CALL 'public/*package*/ constructor <init> ($scope: kotlinx.coroutines.CoroutineScope, $messages$delegate: androidx.compose.runtime.State<kotlin.collections.List<com.example.trabajoenclase2.Message>>, $listState: androidx.compose.foundation.lazy.LazyListState, $completion: kotlin.coroutines.Continuation<com.example.trabajoenclase2.ChatScreenKt.ChatScreen.<no name provided>>?) [primary] declared in com.example.trabajoenclase2.ChatScreenKt.ChatScreen.<no name provided>' type=com.example.trabajoenclase2.ChatScreenKt.ChatScreen.<no name provided> origin=null
                  $scope: GET_FIELD 'FIELD FIELD_FOR_CAPTURED_VALUE name:$scope type:kotlinx.coroutines.CoroutineScope visibility:public/*package*/ [final] declared in com.example.trabajoenclase2.ChatScreenKt.ChatScreen.<no name provided>' type=kotlinx.coroutines.CoroutineScope origin=null
                    receiver: GET_VAR '<this>: com.example.trabajoenclase2.ChatScreenKt.ChatScreen.<no name provided> declared in com.example.trabajoenclase2.ChatScreenKt.ChatScreen.<no name provided>.create' type=com.example.trabajoenclase2.ChatScreenKt.ChatScreen.<no name provided> origin=null
                  $messages$delegate: GET_FIELD 'FIELD FIELD_FOR_CAPTURED_VALUE name:$messages$delegate type:androidx.compose.runtime.State<kotlin.collections.List<com.example.trabajoenclase2.Message>> visibility:public/*package*/ [final] declared in com.example.trabajoenclase2.ChatScreenKt.ChatScreen.<no name provided>' type=androidx.compose.runtime.State<kotlin.collections.List<com.example.trabajoenclase2.Message>> origin=null
                    receiver: GET_VAR '<this>: com.example.trabajoenclase2.ChatScreenKt.ChatScreen.<no name provided> declared in com.example.trabajoenclase2.ChatScreenKt.ChatScreen.<no name provided>.create' type=com.example.trabajoenclase2.ChatScreenKt.ChatScreen.<no name provided> origin=null
                  $listState: GET_FIELD 'FIELD FIELD_FOR_CAPTURED_VALUE name:$listState type:androidx.compose.foundation.lazy.LazyListState visibility:public/*package*/ [final] declared in com.example.trabajoenclase2.ChatScreenKt.ChatScreen.<no name provided>' type=androidx.compose.foundation.lazy.LazyListState origin=null
                    receiver: GET_VAR '<this>: com.example.trabajoenclase2.ChatScreenKt.ChatScreen.<no name provided> declared in com.example.trabajoenclase2.ChatScreenKt.ChatScreen.<no name provided>.create' type=com.example.trabajoenclase2.ChatScreenKt.ChatScreen.<no name provided> origin=null
                  $completion: GET_VAR '$completion: kotlin.coroutines.Continuation<kotlin.Nothing> declared in com.example.trabajoenclase2.ChatScreenKt.ChatScreen.<no name provided>.create' type=kotlin.coroutines.Continuation<kotlin.Nothing> origin=null
          FUN name:invoke visibility:public modality:FINAL <> ($this:com.example.trabajoenclase2.ChatScreenKt.ChatScreen.<no name provided>, p1:kotlinx.coroutines.CoroutineScope, p2:kotlin.coroutines.Continuation<kotlin.Unit>?) returnType:kotlin.Any?
            overridden:
              public abstract fun invoke (p1: P1 of kotlin.jvm.functions.Function2, p2: P2 of kotlin.jvm.functions.Function2): R of kotlin.jvm.functions.Function2 declared in kotlin.jvm.functions.Function2
            $this: VALUE_PARAMETER INSTANCE_RECEIVER name:<this> type:com.example.trabajoenclase2.ChatScreenKt.ChatScreen.<no name provided>
            VALUE_PARAMETER name:p1 index:0 type:kotlinx.coroutines.CoroutineScope
            VALUE_PARAMETER name:p2 index:1 type:kotlin.coroutines.Continuation<kotlin.Unit>?
            BLOCK_BODY
              RETURN type=kotlin.Nothing from='public final fun invoke (p1: kotlinx.coroutines.CoroutineScope, p2: kotlin.coroutines.Continuation<kotlin.Unit>?): kotlin.Any? declared in com.example.trabajoenclase2.ChatScreenKt.ChatScreen.<no name provided>'
                CALL 'public final fun invokeSuspend ($result: kotlin.Result<kotlin.Any?>): kotlin.Any? declared in com.example.trabajoenclase2.ChatScreenKt.ChatScreen.<no name provided>' type=kotlin.Any? origin=null
                  $this: TYPE_OP type=com.example.trabajoenclase2.ChatScreenKt.ChatScreen.<no name provided> origin=IMPLICIT_CAST typeOperand=com.example.trabajoenclase2.ChatScreenKt.ChatScreen.<no name provided>
                    CALL 'public final fun create (value: kotlin.Any?, $completion: kotlin.coroutines.Continuation<kotlin.Nothing>): kotlin.coroutines.Continuation<kotlin.Unit> declared in com.example.trabajoenclase2.ChatScreenKt.ChatScreen.<no name provided>' type=kotlin.coroutines.Continuation<kotlin.Unit> origin=null
                      $this: GET_VAR '<this>: com.example.trabajoenclase2.ChatScreenKt.ChatScreen.<no name provided> declared in com.example.trabajoenclase2.ChatScreenKt.ChatScreen.<no name provided>.invoke' type=com.example.trabajoenclase2.ChatScreenKt.ChatScreen.<no name provided> origin=null
                      value: GET_VAR 'p1: kotlinx.coroutines.CoroutineScope declared in com.example.trabajoenclase2.ChatScreenKt.ChatScreen.<no name provided>.invoke' type=kotlinx.coroutines.CoroutineScope origin=null
                      $completion: GET_VAR 'p2: kotlin.coroutines.Continuation<kotlin.Unit>? declared in com.example.trabajoenclase2.ChatScreenKt.ChatScreen.<no name provided>.invoke' type=kotlin.coroutines.Continuation<kotlin.Unit>? origin=null
                  $result: CALL 'public final fun <unsafe-coerce> <T, R> (v: T of kotlin.jvm.internal.<unsafe-coerce>): R of kotlin.jvm.internal.<unsafe-coerce> declared in kotlin.jvm.internal' type=kotlin.Result<kotlin.Any?> origin=null
                    <T>: kotlin.Any?
                    <R>: kotlin.Result<kotlin.Any?>
                    v: GET_FIELD 'FIELD FIELD_FOR_OBJECT_INSTANCE name:INSTANCE type:kotlin.Unit visibility:public [final,static] declared in kotlin.Unit' type=kotlin.Unit origin=null
          FIELD FIELD_FOR_CAPTURED_VALUE name:$scope type:kotlinx.coroutines.CoroutineScope visibility:public/*package*/ [final]
          FIELD FIELD_FOR_CAPTURED_VALUE name:$messages$delegate type:androidx.compose.runtime.State<kotlin.collections.List<com.example.trabajoenclase2.Message>> visibility:public/*package*/ [final]
          FIELD FIELD_FOR_CAPTURED_VALUE name:$listState type:androidx.compose.foundation.lazy.LazyListState visibility:public/*package*/ [final]
          FUN BRIDGE name:invoke visibility:public modality:OPEN <> ($this:com.example.trabajoenclase2.ChatScreenKt.ChatScreen.<no name provided>, p1:kotlin.Any?, p2:kotlin.Any?) returnType:kotlin.Any?
            $this: VALUE_PARAMETER INSTANCE_RECEIVER name:<this> type:com.example.trabajoenclase2.ChatScreenKt.ChatScreen.<no name provided>
            VALUE_PARAMETER BRIDGE name:p1 index:0 type:kotlin.Any?
            VALUE_PARAMETER BRIDGE name:p2 index:1 type:kotlin.Any?
            EXPRESSION_BODY
              RETURN type=kotlin.Nothing from='public open fun invoke (p1: kotlin.Any?, p2: kotlin.Any?): kotlin.Any? declared in com.example.trabajoenclase2.ChatScreenKt.ChatScreen.<no name provided>'
                CALL 'public final fun invoke (p1: kotlinx.coroutines.CoroutineScope, p2: kotlin.coroutines.Continuation<kotlin.Unit>?): kotlin.Any? declared in com.example.trabajoenclase2.ChatScreenKt.ChatScreen.<no name provided>' type=kotlin.Any? origin=BRIDGE_DELEGATION
                  $this: GET_VAR '<this>: com.example.trabajoenclase2.ChatScreenKt.ChatScreen.<no name provided> declared in com.example.trabajoenclase2.ChatScreenKt.ChatScreen.<no name provided>.invoke' type=com.example.trabajoenclase2.ChatScreenKt.ChatScreen.<no name provided> origin=null
                  p1: TYPE_OP type=kotlinx.coroutines.CoroutineScope origin=IMPLICIT_CAST typeOperand=kotlinx.coroutines.CoroutineScope
                    GET_VAR 'p1: kotlin.Any? declared in com.example.trabajoenclase2.ChatScreenKt.ChatScreen.<no name provided>.invoke' type=kotlin.Any? origin=null
                  p2: TYPE_OP type=kotlin.coroutines.Continuation<*> origin=IMPLICIT_CAST typeOperand=kotlin.coroutines.Continuation<*>
                    GET_VAR 'p2: kotlin.Any? declared in com.example.trabajoenclase2.ChatScreenKt.ChatScreen.<no name provided>.invoke' type=kotlin.Any? origin=null
        CONSTRUCTOR_CALL 'public/*package*/ constructor <init> ($scope: kotlinx.coroutines.CoroutineScope, $messages$delegate: androidx.compose.runtime.State<kotlin.collections.List<com.example.trabajoenclase2.Message>>, $listState: androidx.compose.foundation.lazy.LazyListState, $completion: kotlin.coroutines.Continuation<com.example.trabajoenclase2.ChatScreenKt.ChatScreen.<no name provided>>?) [primary] declared in com.example.trabajoenclase2.ChatScreenKt.ChatScreen.<no name provided>' type=com.example.trabajoenclase2.ChatScreenKt.ChatScreen.<no name provided> origin=null
          $scope: GET_VAR 'val scope: kotlinx.coroutines.CoroutineScope [val] declared in com.example.trabajoenclase2.ChatScreenKt.ChatScreen' type=kotlinx.coroutines.CoroutineScope origin=null
          $messages$delegate: GET_VAR 'val messages$delegate: androidx.compose.runtime.State<kotlin.collections.List<com.example.trabajoenclase2.Message>> [val] declared in com.example.trabajoenclase2.ChatScreenKt.ChatScreen' type=androidx.compose.runtime.State<kotlin.collections.List<com.example.trabajoenclase2.Message>> origin=null
          $listState: GET_VAR 'val listState: androidx.compose.foundation.lazy.LazyListState [val] declared in com.example.trabajoenclase2.ChatScreenKt.ChatScreen' type=androidx.compose.foundation.lazy.LazyListState origin=null
          $completion: CONST Null type=kotlin.Nothing? value=null
    CALL 'public final fun Column$default (modifier: androidx.compose.ui.Modifier?, verticalArrangement: androidx.compose.foundation.layout.Arrangement.Vertical?, horizontalAlignment: androidx.compose.ui.Alignment.Horizontal?, content: @[Composable] @[ExtensionFunctionType] kotlin.Function1<androidx.compose.foundation.layout.ColumnScope, kotlin.Unit>, $mask0: kotlin.Int, $handler: kotlin.Any?): kotlin.Unit [inline] declared in androidx.compose.foundation.layout.ColumnKt' type=kotlin.Unit origin=DEFAULT_DISPATCH_CALL
      modifier: CALL 'public final fun background-bw27NRU$default (color: androidx.compose.ui.graphics.Color, shape: androidx.compose.ui.graphics.Shape?, $mask0: kotlin.Int, $handler: kotlin.Any?): androidx.compose.ui.Modifier declared in androidx.compose.foundation.BackgroundKt' type=androidx.compose.ui.Modifier origin=DEFAULT_DISPATCH_CALL
        $receiver: CALL 'public final fun fillMaxSize$default (fraction: kotlin.Float, $mask0: kotlin.Int, $handler: kotlin.Any?): androidx.compose.ui.Modifier declared in androidx.compose.foundation.layout.SizeKt' type=androidx.compose.ui.Modifier origin=DEFAULT_DISPATCH_CALL
          $receiver: GET_FIELD 'FIELD FIELD_FOR_OBJECT_INSTANCE name:Companion type:androidx.compose.ui.Modifier.Companion visibility:public [final,static] declared in androidx.compose.ui.Modifier' type=androidx.compose.ui.Modifier.Companion origin=null
          fraction: COMPOSITE type=kotlin.Float origin=DEFAULT_VALUE
            CONST Float type=kotlin.Float value=0.0
          $mask0: CONST Int type=kotlin.Int value=1
          $handler: CONST Null type=kotlin.Any? value=null
        color: CALL 'public final fun getBackground-0d7_KjU (): androidx.compose.ui.graphics.Color declared in androidx.compose.material3.ColorScheme' type=androidx.compose.ui.graphics.Color origin=GET_PROPERTY
          $this: CALL 'public final fun <get-colorScheme> (): androidx.compose.material3.ColorScheme declared in androidx.compose.material3.MaterialTheme' type=androidx.compose.material3.ColorScheme origin=GET_PROPERTY
            $this: GET_FIELD 'FIELD FIELD_FOR_OBJECT_INSTANCE name:INSTANCE type:androidx.compose.material3.MaterialTheme visibility:public [final,static] declared in androidx.compose.material3.MaterialTheme' type=androidx.compose.material3.MaterialTheme origin=null
        shape: COMPOSITE type=androidx.compose.ui.graphics.Shape? origin=DEFAULT_VALUE
          CONST Null type=androidx.compose.ui.graphics.Shape? value=null
        $mask0: CONST Int type=kotlin.Int value=2
        $handler: CONST Null type=kotlin.Any? value=null
      verticalArrangement: COMPOSITE type=androidx.compose.foundation.layout.Arrangement.Vertical? origin=DEFAULT_VALUE
        CONST Null type=androidx.compose.foundation.layout.Arrangement.Vertical? value=null
      horizontalAlignment: COMPOSITE type=androidx.compose.ui.Alignment.Horizontal? origin=DEFAULT_VALUE
        CONST Null type=androidx.compose.ui.Alignment.Horizontal? value=null
      content: BLOCK type=@[ExtensionFunctionType] kotlin.Function1<androidx.compose.foundation.layout.ColumnScope, kotlin.Unit> origin=LAMBDA
        COMPOSITE type=kotlin.Unit origin=null
        FUNCTION_REFERENCE 'private final fun ChatScreen$lambda$15 ($listState: androidx.compose.foundation.lazy.LazyListState, $connectionStatus$delegate: androidx.compose.runtime.State<com.example.trabajoenclase2.ConnectionStatus>, $messages$delegate: androidx.compose.runtime.State<kotlin.collections.List<com.example.trabajoenclase2.Message>>, $viewModel: com.example.trabajoenclase2.ChatViewModel, $messageText$delegate: androidx.compose.runtime.MutableState<kotlin.String>): kotlin.Unit declared in com.example.trabajoenclase2.ChatScreenKt' type=@[ExtensionFunctionType] kotlin.Function1<androidx.compose.foundation.layout.ColumnScope, kotlin.Unit> origin=INLINE_LAMBDA reflectionTarget=null
          $listState: GET_VAR 'val listState: androidx.compose.foundation.lazy.LazyListState [val] declared in com.example.trabajoenclase2.ChatScreenKt.ChatScreen' type=androidx.compose.foundation.lazy.LazyListState origin=null
          $connectionStatus$delegate: GET_VAR 'val connectionStatus$delegate: androidx.compose.runtime.State<com.example.trabajoenclase2.ConnectionStatus> [val] declared in com.example.trabajoenclase2.ChatScreenKt.ChatScreen' type=androidx.compose.runtime.State<com.example.trabajoenclase2.ConnectionStatus> origin=null
          $messages$delegate: GET_VAR 'val messages$delegate: androidx.compose.runtime.State<kotlin.collections.List<com.example.trabajoenclase2.Message>> [val] declared in com.example.trabajoenclase2.ChatScreenKt.ChatScreen' type=androidx.compose.runtime.State<kotlin.collections.List<com.example.trabajoenclase2.Message>> origin=null
          $viewModel: GET_VAR 'viewModel: com.example.trabajoenclase2.ChatViewModel declared in com.example.trabajoenclase2.ChatScreenKt.ChatScreen' type=com.example.trabajoenclase2.ChatViewModel origin=null
          $messageText$delegate: GET_VAR 'val messageText$delegate: androidx.compose.runtime.MutableState<kotlin.String> [val] declared in com.example.trabajoenclase2.ChatScreenKt.ChatScreen' type=androidx.compose.runtime.MutableState<kotlin.String> origin=null
      $mask0: CONST Int type=kotlin.Int value=6
      $handler: CONST Null type=kotlin.Any? value=null

	at org.jetbrains.kotlin.backend.jvm.codegen.FunctionCodegen.generate(FunctionCodegen.kt:47)
	at org.jetbrains.kotlin.backend.jvm.codegen.FunctionCodegen.generate$default(FunctionCodegen.kt:40)
	at org.jetbrains.kotlin.backend.jvm.codegen.ClassCodegen.generateMethodNode(ClassCodegen.kt:406)
	at org.jetbrains.kotlin.backend.jvm.codegen.ClassCodegen.generateMethod(ClassCodegen.kt:423)
	at org.jetbrains.kotlin.backend.jvm.codegen.ClassCodegen.generate(ClassCodegen.kt:168)
	at org.jetbrains.kotlin.backend.jvm.FileCodegen.lower(JvmPhases.kt:39)
	at org.jetbrains.kotlin.backend.common.phaser.PhaseFactoriesKt.createFilePhase$lambda$4(PhaseFactories.kt:71)
	at org.jetbrains.kotlin.backend.common.phaser.PhaseBuildersKt$createSimpleNamedCompilerPhase$1.phaseBody(PhaseBuilders.kt:69)
	at org.jetbrains.kotlin.backend.common.phaser.SimpleNamedCompilerPhase.phaseBody(CompilerPhase.kt:226)
	at org.jetbrains.kotlin.backend.common.phaser.AbstractNamedCompilerPhase.invoke(CompilerPhase.kt:113)
	at org.jetbrains.kotlin.backend.common.phaser.PerformByIrFilePhase.invokeSequential(performByIrFile.kt:62)
	... 43 more
Caused by: org.jetbrains.kotlin.codegen.CompilationException: Back-end (JVM) Internal error: Couldn't inline method call: CALL 'public final fun remember <T> (calculation: @[DisallowComposableCalls] kotlin.Function0<T of androidx.compose.runtime.ComposablesKt.remember>): T of androidx.compose.runtime.ComposablesKt.remember [inline] declared in androidx.compose.runtime.ComposablesKt' type=androidx.compose.runtime.MutableState<kotlin.String> origin=null
Method: null
File is unknown
The root cause java.lang.IllegalStateException was thrown at: org.jetbrains.kotlin.codegen.inline.SourceCompilerForInlineKt.getMethodNode(SourceCompilerForInline.kt:118)
	at org.jetbrains.kotlin.codegen.inline.InlineCodegen.performInline(InlineCodegen.kt:65)
	at org.jetbrains.kotlin.backend.jvm.codegen.IrInlineCodegen.genInlineCall(IrInlineCodegen.kt:163)
	at org.jetbrains.kotlin.backend.jvm.codegen.IrInlineCallGenerator.genCall(IrInlineCallGenerator.kt:36)
	at org.jetbrains.kotlin.backend.jvm.codegen.ExpressionCodegen.visitCall(ExpressionCodegen.kt:653)
	at org.jetbrains.kotlin.backend.jvm.codegen.ExpressionCodegen.visitCall(ExpressionCodegen.kt:138)
	at org.jetbrains.kotlin.ir.expressions.IrCall.accept(IrCall.kt:24)
	at org.jetbrains.kotlin.backend.jvm.codegen.ExpressionCodegen.visitVariable(ExpressionCodegen.kt:790)
	at org.jetbrains.kotlin.backend.jvm.codegen.ExpressionCodegen.visitVariable(ExpressionCodegen.kt:138)
	at org.jetbrains.kotlin.ir.declarations.IrVariable.accept(IrVariable.kt:36)
	at org.jetbrains.kotlin.backend.jvm.codegen.ExpressionCodegen.visitStatementContainer(ExpressionCodegen.kt:579)
	at org.jetbrains.kotlin.backend.jvm.codegen.ExpressionCodegen.visitBlockBody(ExpressionCodegen.kt:584)
	at org.jetbrains.kotlin.backend.jvm.codegen.ExpressionCodegen.visitBlockBody(ExpressionCodegen.kt:138)
	at org.jetbrains.kotlin.ir.expressions.IrBlockBody.accept(IrBlockBody.kt:20)
	at org.jetbrains.kotlin.backend.jvm.codegen.ExpressionCodegen.generate(ExpressionCodegen.kt:240)
	at org.jetbrains.kotlin.backend.jvm.codegen.FunctionCodegen.doGenerate(FunctionCodegen.kt:123)
	at org.jetbrains.kotlin.backend.jvm.codegen.FunctionCodegen.generate(FunctionCodegen.kt:44)
	... 53 more
Caused by: java.lang.IllegalStateException: couldn't find inline method Landroidx/compose/runtime/ComposablesKt;.remember(Lkotlin/jvm/functions/Function0;)Ljava/lang/Object;
	at org.jetbrains.kotlin.codegen.inline.SourceCompilerForInlineKt.getMethodNode(SourceCompilerForInline.kt:118)
	at org.jetbrains.kotlin.codegen.inline.SourceCompilerForInlineKt.loadCompiledInlineFunction(SourceCompilerForInline.kt:96)
	at org.jetbrains.kotlin.backend.jvm.codegen.IrSourceCompilerForInline.compileInlineFunction(IrSourceCompilerForInline.kt:91)
	at org.jetbrains.kotlin.codegen.inline.InlineCodegen.compileInline(InlineCodegen.kt:43)
	at org.jetbrains.kotlin.codegen.inline.InlineCodegen.performInline(InlineCodegen.kt:51)
	... 68 more


